This is XeTeX, Version 3.14159265-2.6-0.99998 (TeX Live 2017/Debian) (preloaded format=xelatex 2020.1.6)  13 FEB 2020 12:16
entering extended mode
 restricted \write18 enabled.
 %&-line parsing enabled.
**exponential_functions.tex
(./exponential_functions.tex
LaTeX2e <2017-04-15>
Babel <3.18> and hyphenation patterns for 84 language(s) loaded.
(/usr/share/texlive/texmf-dist/tex/latex/base/article.cls
Document Class: article 2014/09/29 v1.4h Standard LaTeX document class
(/usr/share/texlive/texmf-dist/tex/latex/base/size12.clo
File: size12.clo 2014/09/29 v1.4h Standard LaTeX file (size option)
)
\c@part=\count79
\c@section=\count80
\c@subsection=\count81
\c@subsubsection=\count82
\c@paragraph=\count83
\c@subparagraph=\count84
\c@figure=\count85
\c@table=\count86
\abovecaptionskip=\skip41
\belowcaptionskip=\skip42
\bibindent=\dimen102
)
(/usr/share/texlive/texmf-dist/tex/latex/fancyhdr/fancyhdr.sty
Package: fancyhdr 2017/06/30 v3.9a Extensive control of page headers and footer
s
\f@nch@headwidth=\skip43
\f@nch@O@elh=\skip44
\f@nch@O@erh=\skip45
\f@nch@O@olh=\skip46
\f@nch@O@orh=\skip47
\f@nch@O@elf=\skip48
\f@nch@O@erf=\skip49
\f@nch@O@olf=\skip50
\f@nch@O@orf=\skip51
)
(/usr/share/texlive/texmf-dist/tex/latex/graphics/color.sty
Package: color 2016/07/10 v1.1e Standard LaTeX Color (DPC)

(/usr/share/texlive/texmf-dist/tex/latex/graphics-cfg/color.cfg
File: color.cfg 2016/01/02 v1.6 sample color configuration
)
Package color Info: Driver file: xetex.def on input line 147.

(/usr/share/texlive/texmf-dist/tex/latex/graphics-def/xetex.def
File: xetex.def 2017/06/24 v5.0h Graphics/color driver for xetex
))
(/usr/share/texlive/texmf-dist/tex/latex/tools/multicol.sty
Package: multicol 2017/04/11 v1.8q multicolumn formatting (FMi)
\c@tracingmulticols=\count87
\mult@box=\box26
\multicol@leftmargin=\dimen103
\c@unbalance=\count88
\c@collectmore=\count89
\doublecol@number=\count90
\multicoltolerance=\count91
\multicolpretolerance=\count92
\full@width=\dimen104
\page@free=\dimen105
\premulticols=\dimen106
\postmulticols=\dimen107
\multicolsep=\skip52
\multicolbaselineskip=\skip53
\partial@page=\box27
\last@line=\box28
\maxbalancingoverflow=\dimen108
\mult@rightbox=\box29
\mult@grightbox=\box30
\mult@gfirstbox=\box31
\mult@firstbox=\box32
\@tempa=\box33
\@tempa=\box34
\@tempa=\box35
\@tempa=\box36
\@tempa=\box37
\@tempa=\box38
\@tempa=\box39
\@tempa=\box40
\@tempa=\box41
\@tempa=\box42
\@tempa=\box43
\@tempa=\box44
\@tempa=\box45
\@tempa=\box46
\@tempa=\box47
\@tempa=\box48
\@tempa=\box49
\c@columnbadness=\count93
\c@finalcolumnbadness=\count94
\last@try=\dimen109
\multicolovershoot=\dimen110
\multicolundershoot=\dimen111
\mult@nat@firstbox=\box50
\colbreak@box=\box51
\mc@col@check@num=\count95
)
(/usr/share/texlive/texmf-dist/tex/latex/enumitem/enumitem.sty
Package: enumitem 2011/09/28 v3.5.2 Customized lists
\enitkv@toks@=\toks14
\labelindent=\skip54
\enit@outerparindent=\dimen112
\enit@toks=\toks15
\enit@inbox=\box52
\enitdp@description=\count96
)
(/usr/share/texlive/texmf-dist/tex/latex/graphics/graphicx.sty
Package: graphicx 2017/06/01 v1.1a Enhanced LaTeX Graphics (DPC,SPQR)

(/usr/share/texlive/texmf-dist/tex/latex/graphics/keyval.sty
Package: keyval 2014/10/28 v1.15 key=value parser (DPC)
\KV@toks@=\toks16
)
(/usr/share/texlive/texmf-dist/tex/latex/graphics/graphics.sty
Package: graphics 2017/06/25 v1.2c Standard LaTeX Graphics (DPC,SPQR)

(/usr/share/texlive/texmf-dist/tex/latex/graphics/trig.sty
Package: trig 2016/01/03 v1.10 sin cos tan (DPC)
)
(/usr/share/texlive/texmf-dist/tex/latex/graphics-cfg/graphics.cfg
File: graphics.cfg 2016/06/04 v1.11 sample graphics configuration
)
Package graphics Info: Driver file: xetex.def on input line 99.
)
\Gin@req@height=\dimen113
\Gin@req@width=\dimen114
)
(/usr/share/texlive/texmf-dist/tex/latex/sectsty/sectsty.sty
Package: sectsty 2002/02/25 v2.0.2 Commands to change all sectional heading sty
les
)
(/usr/share/texlive/texmf-dist/tex/latex/tools/array.sty
Package: array 2016/10/06 v2.4d Tabular extension package (FMi)
\col@sep=\dimen115
\extrarowheight=\dimen116
\NC@list=\toks17
\extratabsurround=\skip55
\backup@length=\skip56
)
(/usr/share/texlive/texmf-dist/tex/latex/pgf/frontendlayer/tikz.sty
(/usr/share/texlive/texmf-dist/tex/latex/pgf/basiclayer/pgf.sty
(/usr/share/texlive/texmf-dist/tex/latex/pgf/utilities/pgfrcs.sty
(/usr/share/texlive/texmf-dist/tex/generic/pgf/utilities/pgfutil-common.tex
\pgfutil@everybye=\toks18
\pgfutil@tempdima=\dimen117
\pgfutil@tempdimb=\dimen118

(/usr/share/texlive/texmf-dist/tex/generic/pgf/utilities/pgfutil-common-lists.t
ex)) (/usr/share/texlive/texmf-dist/tex/generic/pgf/utilities/pgfutil-latex.def
\pgfutil@abb=\box53
(/usr/share/texlive/texmf-dist/tex/latex/ms/everyshi.sty
Package: everyshi 2001/05/15 v3.00 EveryShipout Package (MS)
))
(/usr/share/texlive/texmf-dist/tex/generic/pgf/utilities/pgfrcs.code.tex
Package: pgfrcs 2015/08/07 v3.0.1a (rcs-revision 1.31)
))
Package: pgf 2015/08/07 v3.0.1a (rcs-revision 1.15)

(/usr/share/texlive/texmf-dist/tex/latex/pgf/basiclayer/pgfcore.sty
(/usr/share/texlive/texmf-dist/tex/latex/pgf/systemlayer/pgfsys.sty
(/usr/share/texlive/texmf-dist/tex/generic/pgf/systemlayer/pgfsys.code.tex
Package: pgfsys 2014/07/09 v3.0.1a (rcs-revision 1.48)

(/usr/share/texlive/texmf-dist/tex/generic/pgf/utilities/pgfkeys.code.tex
\pgfkeys@pathtoks=\toks19
\pgfkeys@temptoks=\toks20

(/usr/share/texlive/texmf-dist/tex/generic/pgf/utilities/pgfkeysfiltered.code.t
ex
\pgfkeys@tmptoks=\toks21
))
\pgf@x=\dimen119
\pgf@y=\dimen120
\pgf@xa=\dimen121
\pgf@ya=\dimen122
\pgf@xb=\dimen123
\pgf@yb=\dimen124
\pgf@xc=\dimen125
\pgf@yc=\dimen126
\w@pgf@writea=\write3
\r@pgf@reada=\read1
\c@pgf@counta=\count97
\c@pgf@countb=\count98
\c@pgf@countc=\count99
\c@pgf@countd=\count100
\t@pgf@toka=\toks22
\t@pgf@tokb=\toks23
\t@pgf@tokc=\toks24
 (/usr/share/texlive/texmf-dist/tex/generic/pgf/systemlayer/pgf.cfg
File: pgf.cfg 2008/05/14  (rcs-revision 1.7)
)
Driver file for pgf: pgfsys-xetex.def

(/usr/share/texlive/texmf-dist/tex/generic/pgf/systemlayer/pgfsys-xetex.def
File: pgfsys-xetex.def 2014/07/09  (rcs-revision 1.11)

(/usr/share/texlive/texmf-dist/tex/generic/pgf/systemlayer/pgfsys-dvipdfmx.def
File: pgfsys-dvipdfmx.def 2014/07/09  (rcs-revision 1.14)

(/usr/share/texlive/texmf-dist/tex/generic/pgf/systemlayer/pgfsys-common-pdf.de
f
File: pgfsys-common-pdf.def 2013/10/10  (rcs-revision 1.13)
)
\pgfsys@objnum=\count101
)))
(/usr/share/texlive/texmf-dist/tex/generic/pgf/systemlayer/pgfsyssoftpath.code.
tex
File: pgfsyssoftpath.code.tex 2013/09/09  (rcs-revision 1.9)
\pgfsyssoftpath@smallbuffer@items=\count102
\pgfsyssoftpath@bigbuffer@items=\count103
)
(/usr/share/texlive/texmf-dist/tex/generic/pgf/systemlayer/pgfsysprotocol.code.
tex
File: pgfsysprotocol.code.tex 2006/10/16  (rcs-revision 1.4)
)) (/usr/share/texlive/texmf-dist/tex/latex/xcolor/xcolor.sty
Package: xcolor 2016/05/11 v2.12 LaTeX color extensions (UK)

(/usr/share/texlive/texmf-dist/tex/latex/graphics-cfg/color.cfg
File: color.cfg 2016/01/02 v1.6 sample color configuration
)
Package xcolor Info: Driver file: xetex.def on input line 225.
LaTeX Info: Redefining \color on input line 709.
Package xcolor Info: Model `cmy' substituted by `cmy0' on input line 1348.
Package xcolor Info: Model `RGB' extended on input line 1364.
Package xcolor Info: Model `HTML' substituted by `rgb' on input line 1366.
Package xcolor Info: Model `Hsb' substituted by `hsb' on input line 1367.
Package xcolor Info: Model `tHsb' substituted by `hsb' on input line 1368.
Package xcolor Info: Model `HSB' substituted by `hsb' on input line 1369.
Package xcolor Info: Model `Gray' substituted by `gray' on input line 1370.
Package xcolor Info: Model `wave' substituted by `hsb' on input line 1371.
)
(/usr/share/texlive/texmf-dist/tex/generic/pgf/basiclayer/pgfcore.code.tex
Package: pgfcore 2010/04/11 v3.0.1a (rcs-revision 1.7)

(/usr/share/texlive/texmf-dist/tex/generic/pgf/math/pgfmath.code.tex
(/usr/share/texlive/texmf-dist/tex/generic/pgf/math/pgfmathcalc.code.tex
(/usr/share/texlive/texmf-dist/tex/generic/pgf/math/pgfmathutil.code.tex)
(/usr/share/texlive/texmf-dist/tex/generic/pgf/math/pgfmathparser.code.tex
\pgfmath@dimen=\dimen127
\pgfmath@count=\count104
\pgfmath@box=\box54
\pgfmath@toks=\toks25
\pgfmath@stack@operand=\toks26
\pgfmath@stack@operation=\toks27
)
(/usr/share/texlive/texmf-dist/tex/generic/pgf/math/pgfmathfunctions.code.tex
(/usr/share/texlive/texmf-dist/tex/generic/pgf/math/pgfmathfunctions.basic.code
.tex)
(/usr/share/texlive/texmf-dist/tex/generic/pgf/math/pgfmathfunctions.trigonomet
ric.code.tex)
(/usr/share/texlive/texmf-dist/tex/generic/pgf/math/pgfmathfunctions.random.cod
e.tex)
(/usr/share/texlive/texmf-dist/tex/generic/pgf/math/pgfmathfunctions.comparison
.code.tex)
(/usr/share/texlive/texmf-dist/tex/generic/pgf/math/pgfmathfunctions.base.code.
tex)
(/usr/share/texlive/texmf-dist/tex/generic/pgf/math/pgfmathfunctions.round.code
.tex)
(/usr/share/texlive/texmf-dist/tex/generic/pgf/math/pgfmathfunctions.misc.code.
tex)
(/usr/share/texlive/texmf-dist/tex/generic/pgf/math/pgfmathfunctions.integerari
thmetics.code.tex)))
(/usr/share/texlive/texmf-dist/tex/generic/pgf/math/pgfmathfloat.code.tex
\c@pgfmathroundto@lastzeros=\count105
))
(/usr/share/texlive/texmf-dist/tex/generic/pgf/basiclayer/pgfcorepoints.code.te
x
File: pgfcorepoints.code.tex 2013/10/07  (rcs-revision 1.27)
\pgf@picminx=\dimen128
\pgf@picmaxx=\dimen129
\pgf@picminy=\dimen130
\pgf@picmaxy=\dimen131
\pgf@pathminx=\dimen132
\pgf@pathmaxx=\dimen133
\pgf@pathminy=\dimen134
\pgf@pathmaxy=\dimen135
\pgf@xx=\dimen136
\pgf@xy=\dimen137
\pgf@yx=\dimen138
\pgf@yy=\dimen139
\pgf@zx=\dimen140
\pgf@zy=\dimen141
)
(/usr/share/texlive/texmf-dist/tex/generic/pgf/basiclayer/pgfcorepathconstruct.
code.tex
File: pgfcorepathconstruct.code.tex 2013/10/07  (rcs-revision 1.29)
\pgf@path@lastx=\dimen142
\pgf@path@lasty=\dimen143
)
(/usr/share/texlive/texmf-dist/tex/generic/pgf/basiclayer/pgfcorepathusage.code
.tex
File: pgfcorepathusage.code.tex 2014/11/02  (rcs-revision 1.24)
\pgf@shorten@end@additional=\dimen144
\pgf@shorten@start@additional=\dimen145
)
(/usr/share/texlive/texmf-dist/tex/generic/pgf/basiclayer/pgfcorescopes.code.te
x
File: pgfcorescopes.code.tex 2015/05/08  (rcs-revision 1.46)
\pgfpic=\box55
\pgf@hbox=\box56
\pgf@layerbox@main=\box57
\pgf@picture@serial@count=\count106
)
(/usr/share/texlive/texmf-dist/tex/generic/pgf/basiclayer/pgfcoregraphicstate.c
ode.tex
File: pgfcoregraphicstate.code.tex 2014/11/02  (rcs-revision 1.12)
\pgflinewidth=\dimen146
)
(/usr/share/texlive/texmf-dist/tex/generic/pgf/basiclayer/pgfcoretransformation
s.code.tex
File: pgfcoretransformations.code.tex 2015/08/07  (rcs-revision 1.20)
\pgf@pt@x=\dimen147
\pgf@pt@y=\dimen148
\pgf@pt@temp=\dimen149
)
(/usr/share/texlive/texmf-dist/tex/generic/pgf/basiclayer/pgfcorequick.code.tex
File: pgfcorequick.code.tex 2008/10/09  (rcs-revision 1.3)
)
(/usr/share/texlive/texmf-dist/tex/generic/pgf/basiclayer/pgfcoreobjects.code.t
ex
File: pgfcoreobjects.code.tex 2006/10/11  (rcs-revision 1.2)
)
(/usr/share/texlive/texmf-dist/tex/generic/pgf/basiclayer/pgfcorepathprocessing
.code.tex
File: pgfcorepathprocessing.code.tex 2013/09/09  (rcs-revision 1.9)
)
(/usr/share/texlive/texmf-dist/tex/generic/pgf/basiclayer/pgfcorearrows.code.te
x
File: pgfcorearrows.code.tex 2015/05/14  (rcs-revision 1.43)
\pgfarrowsep=\dimen150
)
(/usr/share/texlive/texmf-dist/tex/generic/pgf/basiclayer/pgfcoreshade.code.tex
File: pgfcoreshade.code.tex 2013/07/15  (rcs-revision 1.15)
\pgf@max=\dimen151
\pgf@sys@shading@range@num=\count107
)
(/usr/share/texlive/texmf-dist/tex/generic/pgf/basiclayer/pgfcoreimage.code.tex
File: pgfcoreimage.code.tex 2013/07/15  (rcs-revision 1.18)

(/usr/share/texlive/texmf-dist/tex/generic/pgf/basiclayer/pgfcoreexternal.code.
tex
File: pgfcoreexternal.code.tex 2014/07/09  (rcs-revision 1.21)
\pgfexternal@startupbox=\box58
))
(/usr/share/texlive/texmf-dist/tex/generic/pgf/basiclayer/pgfcorelayers.code.te
x
File: pgfcorelayers.code.tex 2013/07/18  (rcs-revision 1.7)
)
(/usr/share/texlive/texmf-dist/tex/generic/pgf/basiclayer/pgfcoretransparency.c
ode.tex
File: pgfcoretransparency.code.tex 2013/09/30  (rcs-revision 1.5)
)
(/usr/share/texlive/texmf-dist/tex/generic/pgf/basiclayer/pgfcorepatterns.code.
tex
File: pgfcorepatterns.code.tex 2013/11/07  (rcs-revision 1.5)
)))
(/usr/share/texlive/texmf-dist/tex/generic/pgf/modules/pgfmoduleshapes.code.tex
File: pgfmoduleshapes.code.tex 2014/03/21  (rcs-revision 1.35)
\pgfnodeparttextbox=\box59
) (/usr/share/texlive/texmf-dist/tex/generic/pgf/modules/pgfmoduleplot.code.tex
File: pgfmoduleplot.code.tex 2015/08/03  (rcs-revision 1.13)
)
(/usr/share/texlive/texmf-dist/tex/latex/pgf/compatibility/pgfcomp-version-0-65
.sty
Package: pgfcomp-version-0-65 2007/07/03 v3.0.1a (rcs-revision 1.7)
\pgf@nodesepstart=\dimen152
\pgf@nodesepend=\dimen153
)
(/usr/share/texlive/texmf-dist/tex/latex/pgf/compatibility/pgfcomp-version-1-18
.sty
Package: pgfcomp-version-1-18 2007/07/23 v3.0.1a (rcs-revision 1.1)
)) (/usr/share/texlive/texmf-dist/tex/latex/pgf/utilities/pgffor.sty
(/usr/share/texlive/texmf-dist/tex/latex/pgf/utilities/pgfkeys.sty
(/usr/share/texlive/texmf-dist/tex/generic/pgf/utilities/pgfkeys.code.tex))
(/usr/share/texlive/texmf-dist/tex/latex/pgf/math/pgfmath.sty
(/usr/share/texlive/texmf-dist/tex/generic/pgf/math/pgfmath.code.tex))
(/usr/share/texlive/texmf-dist/tex/generic/pgf/utilities/pgffor.code.tex
Package: pgffor 2013/12/13 v3.0.1a (rcs-revision 1.25)

(/usr/share/texlive/texmf-dist/tex/generic/pgf/math/pgfmath.code.tex)
\pgffor@iter=\dimen154
\pgffor@skip=\dimen155
\pgffor@stack=\toks28
\pgffor@toks=\toks29
))
(/usr/share/texlive/texmf-dist/tex/generic/pgf/frontendlayer/tikz/tikz.code.tex
Package: tikz 2015/08/07 v3.0.1a (rcs-revision 1.151)

(/usr/share/texlive/texmf-dist/tex/generic/pgf/libraries/pgflibraryplothandlers
.code.tex
File: pgflibraryplothandlers.code.tex 2013/08/31 v3.0.1a (rcs-revision 1.20)
\pgf@plot@mark@count=\count108
\pgfplotmarksize=\dimen156
)
\tikz@lastx=\dimen157
\tikz@lasty=\dimen158
\tikz@lastxsaved=\dimen159
\tikz@lastysaved=\dimen160
\tikzleveldistance=\dimen161
\tikzsiblingdistance=\dimen162
\tikz@figbox=\box60
\tikz@figbox@bg=\box61
\tikz@tempbox=\box62
\tikz@tempbox@bg=\box63
\tikztreelevel=\count109
\tikznumberofchildren=\count110
\tikznumberofcurrentchild=\count111
\tikz@fig@count=\count112

(/usr/share/texlive/texmf-dist/tex/generic/pgf/modules/pgfmodulematrix.code.tex
File: pgfmodulematrix.code.tex 2013/09/17  (rcs-revision 1.8)
\pgfmatrixcurrentrow=\count113
\pgfmatrixcurrentcolumn=\count114
\pgf@matrix@numberofcolumns=\count115
)
\tikz@expandcount=\count116

(/usr/share/texlive/texmf-dist/tex/generic/pgf/frontendlayer/tikz/libraries/tik
zlibrarytopaths.code.tex
File: tikzlibrarytopaths.code.tex 2008/06/17 v3.0.1a (rcs-revision 1.2)
)))
(/usr/share/texlive/texmf-dist/tex/latex/tkz-euclide/tkz-euclide.sty
Package: tkz-euclide 2011/06/01 1.16 c for plots 2d 

(/usr/share/texlive/texmf-dist/tex/latex/tkz-base/tkz-base.sty
Package: tkz-base 2011/06/01 1.16 c tkz-base

(/usr/share/texlive/texmf-dist/tex/latex/etex-pkg/etex.sty
Package: etex 2016/08/01 v2.7 eTeX basic definition package (PEB,DPC)
\et@xins=\count117
)
(/usr/share/texlive/texmf-dist/tex/generic/pgf/frontendlayer/tikz/libraries/tik
zlibrarycalc.code.tex
File: tikzlibrarycalc.code.tex 2013/07/15 v3.0.1a (rcs-revision 1.9)
)
(/usr/share/texlive/texmf-dist/tex/generic/pgf/frontendlayer/tikz/libraries/tik
zlibraryarrows.code.tex
File: tikzlibraryarrows.code.tex 2008/01/09 v3.0.1a (rcs-revision 1.1)

(/usr/share/texlive/texmf-dist/tex/generic/pgf/libraries/pgflibraryarrows.code.
tex
File: pgflibraryarrows.code.tex 2013/09/23 v3.0.1a (rcs-revision 1.16)
\arrowsize=\dimen163
))
(/usr/share/texlive/texmf-dist/tex/generic/pgf/frontendlayer/tikz/libraries/tik
zlibraryplotmarks.code.tex
File: tikzlibraryplotmarks.code.tex 2008/01/09 v3.0.1a (rcs-revision 1.1)

(/usr/share/texlive/texmf-dist/tex/generic/pgf/libraries/pgflibraryplotmarks.co
de.tex
File: pgflibraryplotmarks.code.tex 2015/08/03 v3.0.1a (rcs-revision 1.14)
))
(/usr/share/texlive/texmf-dist/tex/generic/pgf/frontendlayer/tikz/libraries/tik
zlibrarypositioning.code.tex
File: tikzlibrarypositioning.code.tex 2008/10/06 v3.0.1a (rcs-revision 1.7)
)
(/usr/share/texlive/texmf-dist/tex/generic/pgf/frontendlayer/tikz/libraries/tik
zlibraryshapes.misc.code.tex
File: tikzlibraryshapes.misc.code.tex 2008/01/09 v3.0.1a (rcs-revision 1.1)

(/usr/share/texlive/texmf-dist/tex/generic/pgf/libraries/shapes/pgflibraryshape
s.misc.code.tex
File: pgflibraryshapes.misc.code.tex 2013/07/18 v3.0.1a (rcs-revision 1.5)
))
(/usr/share/texlive/texmf-dist/tex/generic/pgf/frontendlayer/tikz/libraries/tik
zlibrarydecorations.code.tex
(/usr/share/texlive/texmf-dist/tex/generic/pgf/modules/pgfmoduledecorations.cod
e.tex
\pgfdecoratedcompleteddistance=\dimen164
\pgfdecoratedremainingdistance=\dimen165
\pgfdecoratedinputsegmentcompleteddistance=\dimen166
\pgfdecoratedinputsegmentremainingdistance=\dimen167
\pgf@decorate@distancetomove=\dimen168
\pgf@decorate@repeatstate=\count118
\pgfdecorationsegmentamplitude=\dimen169
\pgfdecorationsegmentlength=\dimen170
)
\tikz@lib@dec@box=\box64
)
(/usr/share/texlive/texmf-dist/tex/generic/pgf/frontendlayer/tikz/libraries/tik
zlibrarydecorations.markings.code.tex
(/usr/share/texlive/texmf-dist/tex/generic/pgf/libraries/decorations/pgflibrary
decorations.markings.code.tex))
(/usr/share/texlive/texmf-dist/tex/generic/pgf/frontendlayer/tikz/libraries/tik
zlibrarydecorations.pathreplacing.code.tex
(/usr/share/texlive/texmf-dist/tex/generic/pgf/libraries/decorations/pgflibrary
decorations.pathreplacing.code.tex))
(/usr/share/texlive/texmf-dist/tex/generic/pgf/frontendlayer/tikz/libraries/tik
zlibrarypatterns.code.tex
File: tikzlibrarypatterns.code.tex 2008/01/15 v3.0.1a (rcs-revision 1.2)

(/usr/share/texlive/texmf-dist/tex/generic/pgf/libraries/pgflibrarypatterns.cod
e.tex
File: pgflibrarypatterns.code.tex 2008/03/03 v3.0.1a (rcs-revision 1.13)
)) (/usr/share/texlive/texmf-dist/tex/latex/numprint/numprint.sty
Package: numprint 2012/08/20 v1.39 Print numbers (HH)
\c@nprt@mantissa@digitsbefore=\count119
\c@nprt@mantissa@digitsafter=\count120
\c@nprt@exponent@digitsbefore=\count121
\c@nprt@exponent@digitsafter=\count122
\nprt@digitwidth=\skip57
\nprt@sepwidth=\skip58
\nprt@decimalwidth=\skip59
\nprt@blockwidth=\skip60
\nprt@digittoks=\toks30
\nprt@pretoks=\toks31
\nprt@posttoks=\toks32
\nprt@thisdigit=\count123
\nprt@curpos=\count124
\nprt@rndpos=\count125
\c@nprt@digitsfirstblock=\count126
\c@nprt@blockcnt=\count127
\c@nprt@cntprint=\count128

No configuration file `numprint.cfg' found.)
(/usr/share/texlive/texmf-dist/tex/latex/fp/fp.sty
Package: fp 1995/04/02

`Fixed Point Package', Version 0.8, April 2, 1995 (C) Michael Mehlich
(/usr/share/texlive/texmf-dist/tex/latex/fp/defpattern.sty
Package: defpattern 1994/10/12
\actioncount=\count129
)
(/usr/share/texlive/texmf-dist/tex/latex/fp/fp-basic.sty
Package: fp-basic 1996/05/13
\FP@xs=\count130
\FP@xia=\count131
\FP@xib=\count132
\FP@xfa=\count133
\FP@xfb=\count134
\FP@rega=\count135
\FP@regb=\count136
\FP@regs=\count137
\FP@times=\count138
)
(/usr/share/texlive/texmf-dist/tex/latex/fp/fp-addons.sty
Package: fp-addons 1995/03/15
)
(/usr/share/texlive/texmf-dist/tex/latex/fp/fp-snap.sty
Package: fp-snap 1995/04/05
)
(/usr/share/texlive/texmf-dist/tex/latex/fp/fp-exp.sty
Package: fp-exp 1995/04/03
)
(/usr/share/texlive/texmf-dist/tex/latex/fp/fp-trigo.sty
Package: fp-trigo 1995/04/14
)
(/usr/share/texlive/texmf-dist/tex/latex/fp/fp-pas.sty
Package: fp-pas 1994/08/29
)
(/usr/share/texlive/texmf-dist/tex/latex/fp/fp-random.sty
Package: fp-random 1995/02/23
\FPseed=\count139
)
(/usr/share/texlive/texmf-dist/tex/latex/fp/fp-eqn.sty
Package: fp-eqn 1995/04/03
)
(/usr/share/texlive/texmf-dist/tex/latex/fp/fp-upn.sty
Package: fp-upn 1996/10/21
)
(/usr/share/texlive/texmf-dist/tex/latex/fp/fp-eval.sty
Package: fp-eval 1995/04/03
))
\tkzRadius=\dimen171
\tkzLength=\dimen172
\tkz@radi=\dimen173
\tkz@ax=\dimen174
\tkz@ay=\dimen175
\tkz@bx=\dimen176
\tkz@by=\dimen177
\tkz@cx=\dimen178
\tkz@cy=\dimen179
\tkz@dx=\dimen180
\tkz@dy=\dimen181

(/usr/share/texlive/texmf-dist/tex/latex/tkz-base/tkz-tools-utilities.tex)
(/usr/share/texlive/texmf-dist/tex/latex/tkz-base/tkz-tools-arith.tex
File: tkz-tool-arith.tex tkz-tool-arith 1.161 c
)
(/usr/share/texlive/texmf-dist/tex/latex/tkz-base/tkz-tools-base.tex)
(/usr/share/texlive/texmf-dist/tex/latex/tkz-base/tkz-tools-misc.tex)
(/usr/share/texlive/texmf-dist/tex/latex/tkz-base/tkz-tools-math.tex)
(/usr/share/texlive/texmf-dist/tex/latex/tkz-base/tkz-obj-points.tex)
(/usr/share/texlive/texmf-dist/tex/latex/tkz-base/tkz-obj-segments.tex)
(/usr/share/texlive/texmf-dist/tex/latex/tkz-base/tkz-obj-marks.tex
\tkz@cntmk=\count140
))
(/usr/share/texlive/texmf-dist/tex/latex/tkz-euclide/tkz-tools-intersections.te
x)
(/usr/share/texlive/texmf-dist/tex/latex/tkz-euclide/tkz-tools-transformations.
tex) (/usr/share/texlive/texmf-dist/tex/latex/tkz-euclide/tkz-obj-lines.tex)
(/usr/share/texlive/texmf-dist/tex/latex/tkz-euclide/tkz-lib-symbols.tex)
(/usr/share/texlive/texmf-dist/tex/latex/tkz-euclide/tkz-obj-circles.tex)
(/usr/share/texlive/texmf-dist/tex/latex/tkz-euclide/tkz-obj-addpoints.tex))
(/usr/share/texlive/texmf-dist/tex/latex/lcg/lcg.sty
Package: lcg 2013/08/09 v1.3 generating random numbers
\f@rst=\count141
\l@st=\count142
\cr@nd=\count143
\c@rand=\count144

Smallest possible random number: 2
Largest possible random number: 13
The pseudo random numbers will be stored in the LaTeX counter `rand'
) (/usr/share/texlive/texmf-dist/tex/latex/draftwatermark/draftwatermark.sty
Package: draftwatermark 2015/02/19 1.2 Put a gray textual watermark on document
 pages

(/usr/share/texlive/texmf-dist/tex/latex/everypage/everypage.sty
Package: everypage 2007/06/20 1.1 Hooks to run on every page
)
\sc@wm@hcenter=\skip61
\sc@wm@vcenter=\skip62
\sc@wm@fontsize=\skip63
)
(/usr/share/texlive/texmf-dist/tex/latex/geometry/geometry.sty
Package: geometry 2010/09/12 v5.6 Page Geometry

(/usr/share/texlive/texmf-dist/tex/generic/oberdiek/ifpdf.sty
Package: ifpdf 2017/03/15 v3.2 Provides the ifpdf switch
)
(/usr/share/texlive/texmf-dist/tex/generic/oberdiek/ifvtex.sty
Package: ifvtex 2016/05/16 v1.6 Detect VTeX and its facilities (HO)
Package ifvtex Info: VTeX not detected.
)
(/usr/share/texlive/texmf-dist/tex/generic/ifxetex/ifxetex.sty
Package: ifxetex 2010/09/12 v0.6 Provides ifxetex conditional
)
\Gm@cnth=\count145
\Gm@cntv=\count146
\c@Gm@tempcnt=\count147
\Gm@bindingoffset=\dimen182
\Gm@wd@mp=\dimen183
\Gm@odd@mp=\dimen184
\Gm@even@mp=\dimen185
\Gm@layoutwidth=\dimen186
\Gm@layoutheight=\dimen187
\Gm@layouthoffset=\dimen188
\Gm@layoutvoffset=\dimen189
\Gm@dimlist=\toks33
)
No file exponential_functions.aux.
\openout1 = `exponential_functions.aux'.

LaTeX Font Info:    Checking defaults for OML/cmm/m/it on input line 31.
LaTeX Font Info:    ... okay on input line 31.
LaTeX Font Info:    Checking defaults for T1/cmr/m/n on input line 31.
LaTeX Font Info:    ... okay on input line 31.
LaTeX Font Info:    Checking defaults for OT1/cmr/m/n on input line 31.
LaTeX Font Info:    ... okay on input line 31.
LaTeX Font Info:    Checking defaults for OMS/cmsy/m/n on input line 31.
LaTeX Font Info:    ... okay on input line 31.
LaTeX Font Info:    Checking defaults for TU/lmr/m/n on input line 31.
LaTeX Font Info:    ... okay on input line 31.
LaTeX Font Info:    Checking defaults for OMX/cmex/m/n on input line 31.
LaTeX Font Info:    ... okay on input line 31.
LaTeX Font Info:    Checking defaults for U/cmr/m/n on input line 31.
LaTeX Font Info:    ... okay on input line 31.
ABD: EveryShipout initializing macros
*geometry* driver: auto-detecting
*geometry* detected driver: xetex
*geometry* verbose mode - [ preamble ] result:
* driver: xetex
* paper: <default>
* layout: <same size as paper>
* layoutoffset:(h,v)=(0.0pt,0.0pt)
* modes: 
* h-part:(L,W,R)=(72.26999pt, 469.75502pt, 72.26999pt)
* v-part:(T,H,B)=(72.26999pt, 650.43001pt, 72.26999pt)
* \paperwidth=614.295pt
* \paperheight=794.96999pt
* \textwidth=469.75502pt
* \textheight=650.43001pt
* \oddsidemargin=0.0pt
* \evensidemargin=0.0pt
* \topmargin=-12.0pt
* \headheight=12.0pt
* \headsep=0.0pt
* \topskip=12.0pt
* \footskip=30.0pt
* \marginparwidth=44.0pt
* \marginparsep=10.0pt
* \columnsep=10.0pt
* \skip\footins=10.8pt plus 4.0pt minus 2.0pt
* \hoffset=0.0pt
* \voffset=0.0pt
* \mag=1000
* \@twocolumnfalse
* \@twosidefalse
* \@mparswitchfalse
* \@reversemarginfalse
* (1in=72.27pt=25.4mm, 1cm=28.453pt)


Underfull \hbox (badness 10000) in paragraph at lines 42--43

 []


Underfull \hbox (badness 10000) in paragraph at lines 44--45

 []


Underfull \hbox (badness 10000) in paragraph at lines 46--47

 []


Underfull \hbox (badness 10000) in paragraph at lines 48--49

 []


Underfull \hbox (badness 10000) in paragraph at lines 50--51

 []


Underfull \hbox (badness 10000) in paragraph at lines 52--53

 []


Underfull \hbox (badness 10000) in paragraph at lines 54--55

 []

LaTeX Font Info:    External font `cmex10' loaded for size
(Font)              <12> on input line 56.
LaTeX Font Info:    External font `cmex10' loaded for size
(Font)              <8> on input line 56.
LaTeX Font Info:    External font `cmex10' loaded for size
(Font)              <6> on input line 56.

Underfull \hbox (badness 10000) in paragraph at lines 56--57

 []


Underfull \hbox (badness 10000) in paragraph at lines 58--59

 []


Underfull \hbox (badness 10000) in paragraph at lines 60--61

 []


Underfull \hbox (badness 10000) in paragraph at lines 62--63

 []


Underfull \hbox (badness 10000) in paragraph at lines 64--65

 []


Underfull \hbox (badness 10000) in paragraph at lines 66--67

 []


Underfull \hbox (badness 10000) in paragraph at lines 68--69

 []


Underfull \hbox (badness 10000) in paragraph at lines 70--71

 []


Underfull \hbox (badness 10000) in paragraph at lines 72--73

 []


Underfull \hbox (badness 10000) in paragraph at lines 74--75

 []


Underfull \hbox (badness 10000) in paragraph at lines 79--80

 []

[1

]
Underfull \hbox (badness 10000) in paragraph at lines 81--82

 []


Underfull \hbox (badness 10000) in paragraph at lines 86--87

 []


Underfull \hbox (badness 10000) in paragraph at lines 88--89

 []


Underfull \hbox (badness 10000) in paragraph at lines 90--91

 []


Underfull \hbox (badness 10000) in paragraph at lines 92--93

 []


Underfull \hbox (badness 10000) in paragraph at lines 94--95

 []


Underfull \hbox (badness 10000) in paragraph at lines 106--107

 []

[2] [3] [4]
Underfull \hbox (badness 10000) in paragraph at lines 130--131

 []


Underfull \hbox (badness 10000) in paragraph at lines 132--133

 []


Underfull \hbox (badness 10000) in paragraph at lines 134--135

 []


Underfull \hbox (badness 10000) in paragraph at lines 136--137

 []


Underfull \hbox (badness 10000) in paragraph at lines 138--139

 []


Underfull \hbox (badness 10000) in paragraph at lines 140--141

 []


Underfull \hbox (badness 10000) in paragraph at lines 142--143

 []


Underfull \hbox (badness 10000) in paragraph at lines 144--145

 []


Underfull \hbox (badness 10000) in paragraph at lines 146--147

 []


Underfull \hbox (badness 10000) in paragraph at lines 148--149

 []


Underfull \hbox (badness 10000) in paragraph at lines 150--151

 []


Underfull \hbox (badness 10000) in paragraph at lines 152--153

 []

[5]
Underfull \hbox (badness 10000) in paragraph at lines 164--165

 []


Underfull \hbox (badness 10000) in paragraph at lines 166--167

 []


Underfull \hbox (badness 10000) in paragraph at lines 168--169

 []


Underfull \hbox (badness 10000) in paragraph at lines 170--171

 []


Underfull \hbox (badness 10000) in paragraph at lines 172--173

 []


Underfull \hbox (badness 10000) in paragraph at lines 174--175

 []


Underfull \hbox (badness 10000) in paragraph at lines 176--177

 []


Underfull \hbox (badness 10000) in paragraph at lines 178--179

 []


Underfull \hbox (badness 10000) in paragraph at lines 180--181

 []


Underfull \hbox (badness 10000) in paragraph at lines 182--183

 []


Underfull \hbox (badness 10000) in paragraph at lines 184--185

 []


Underfull \hbox (badness 10000) in paragraph at lines 186--187

 []

[6]
Underfull \hbox (badness 10000) in paragraph at lines 194--195

 []


Underfull \hbox (badness 10000) in paragraph at lines 198--199

 []


Underfull \hbox (badness 10000) in paragraph at lines 200--201

 []


Underfull \hbox (badness 10000) in paragraph at lines 202--203

 []


Underfull \hbox (badness 10000) in paragraph at lines 204--205

 []


Underfull \hbox (badness 10000) in paragraph at lines 206--207

 []


Underfull \hbox (badness 10000) in paragraph at lines 208--209

 []


Underfull \hbox (badness 10000) in paragraph at lines 210--211

 []


Underfull \hbox (badness 10000) in paragraph at lines 212--213

 []


Underfull \hbox (badness 10000) in paragraph at lines 214--215

 []


Underfull \hbox (badness 10000) in paragraph at lines 216--217

 []


Underfull \hbox (badness 10000) in paragraph at lines 218--219

 []


Underfull \hbox (badness 10000) in paragraph at lines 222--223

 []

[7]
Underfull \hbox (badness 10000) in paragraph at lines 231--232

 []


Underfull \hbox (badness 10000) in paragraph at lines 233--234

 []


Underfull \hbox (badness 10000) in paragraph at lines 238--239

 []


Underfull \hbox (badness 10000) in paragraph at lines 240--241

 []


Underfull \hbox (badness 10000) in paragraph at lines 242--243

 []


Underfull \hbox (badness 10000) in paragraph at lines 244--245

 []


Underfull \hbox (badness 10000) in paragraph at lines 252--253

 []


Underfull \hbox (badness 10000) in paragraph at lines 257--258

 []


Underfull \hbox (badness 10000) in paragraph at lines 259--260

 []


Underfull \hbox (badness 10000) in paragraph at lines 261--262

 []


Underfull \hbox (badness 10000) in paragraph at lines 263--264

 []


Underfull \hbox (badness 10000) in paragraph at lines 275--276

 []


Underfull \hbox (badness 10000) in paragraph at lines 277--278

 []


Underfull \hbox (badness 10000) in paragraph at lines 279--280

 []


Underfull \hbox (badness 10000) in paragraph at lines 281--282

 []


Underfull \hbox (badness 10000) in paragraph at lines 294--295

 []


Underfull \hbox (badness 10000) in paragraph at lines 296--297

 []


Underfull \hbox (badness 10000) in paragraph at lines 298--299

 []


Underfull \hbox (badness 10000) in paragraph at lines 300--301

 []

[8]
Underfull \hbox (badness 10000) in paragraph at lines 309--310

 []

LaTeX Font Info:    External font `cmex10' loaded for size
(Font)              <20.74> on input line 312.
LaTeX Font Info:    External font `cmex10' loaded for size
(Font)              <14.4> on input line 312.

Underfull \hbox (badness 10000) in paragraph at lines 323--324

 []


Underfull \hbox (badness 10000) in paragraph at lines 325--326

 []

File: squareroot.jpg Graphic file (type bmp)
<squareroot.jpg>

Underfull \hbox (badness 10000) in paragraph at lines 334--335

 []


Underfull \hbox (badness 10000) in paragraph at lines 336--337

 []


Underfull \hbox (badness 10000) in paragraph at lines 338--339

 []

[9]
File: squareroot.jpg Graphic file (type bmp)
<squareroot.jpg>

Underfull \hbox (badness 10000) in paragraph at lines 348--349

 []


Underfull \hbox (badness 10000) in paragraph at lines 350--351

 []


Underfull \hbox (badness 10000) in paragraph at lines 352--353

 []


Underfull \hbox (badness 10000) in paragraph at lines 354--355

 []


Underfull \hbox (badness 10000) in paragraph at lines 358--359

 []


Underfull \hbox (badness 10000) in paragraph at lines 361--362

 []


Underfull \hbox (badness 10000) in paragraph at lines 366--367

 []


Underfull \hbox (badness 10000) in paragraph at lines 369--370

 []


Underfull \hbox (badness 10000) in paragraph at lines 372--373

 []


Underfull \hbox (badness 10000) in paragraph at lines 375--376

 []


Underfull \hbox (badness 10000) in paragraph at lines 378--379

 []


Underfull \hbox (badness 10000) in paragraph at lines 380--381

 []


Underfull \hbox (badness 10000) in paragraph at lines 383--384

 []


Underfull \hbox (badness 10000) in paragraph at lines 386--387

 []


Underfull \hbox (badness 10000) in paragraph at lines 389--390

 []

[10]
File: squareroot.jpg Graphic file (type bmp)
<squareroot.jpg>

Underfull \hbox (badness 10000) in paragraph at lines 407--408

 []


Underfull \hbox (badness 10000) in paragraph at lines 409--410

 []


Underfull \hbox (badness 10000) in paragraph at lines 411--412

 []


Underfull \hbox (badness 10000) in paragraph at lines 413--414

 []


Underfull \hbox (badness 10000) in paragraph at lines 417--418

 []


Underfull \hbox (badness 10000) in paragraph at lines 420--421

 []


Underfull \hbox (badness 10000) in paragraph at lines 425--426

 []


Underfull \hbox (badness 10000) in paragraph at lines 428--429

 []


Underfull \hbox (badness 10000) in paragraph at lines 431--432

 []


Underfull \hbox (badness 10000) in paragraph at lines 434--435

 []


Underfull \hbox (badness 10000) in paragraph at lines 437--438

 []


Underfull \hbox (badness 10000) in paragraph at lines 439--440

 []


Underfull \hbox (badness 10000) in paragraph at lines 442--443

 []


Underfull \hbox (badness 10000) in paragraph at lines 445--446

 []


Underfull \hbox (badness 10000) in paragraph at lines 448--449

 []

[11]
Underfull \hbox (badness 10000) in paragraph at lines 458--459

 []


Underfull \hbox (badness 10000) in paragraph at lines 472--473

 []


Underfull \hbox (badness 10000) in paragraph at lines 474--475

 []


Underfull \hbox (badness 10000) in paragraph at lines 476--477

 []

File: radical.jpg Graphic file (type bmp)
<radical.jpg>

Underfull \hbox (badness 10000) in paragraph at lines 485--486

 []


Underfull \hbox (badness 10000) in paragraph at lines 487--488

 []


Underfull \hbox (badness 10000) in paragraph at lines 489--490

 []


Underfull \hbox (badness 10000) in paragraph at lines 491--492

 []

[12]
File: radical.jpg Graphic file (type bmp)
<radical.jpg>

Underfull \hbox (badness 10000) in paragraph at lines 501--502

 []


Underfull \hbox (badness 10000) in paragraph at lines 503--504

 []


Underfull \hbox (badness 10000) in paragraph at lines 505--506

 []


Underfull \hbox (badness 10000) in paragraph at lines 507--508

 []


Underfull \hbox (badness 10000) in paragraph at lines 509--510

 []


Underfull \hbox (badness 10000) in paragraph at lines 511--512

 []


Underfull \hbox (badness 10000) in paragraph at lines 514--515

 []


Underfull \hbox (badness 10000) in paragraph at lines 519--520

 []


Underfull \hbox (badness 10000) in paragraph at lines 522--523

 []


Underfull \hbox (badness 10000) in paragraph at lines 525--526

 []


Underfull \hbox (badness 10000) in paragraph at lines 528--529

 []


Underfull \hbox (badness 10000) in paragraph at lines 531--532

 []


Underfull \hbox (badness 10000) in paragraph at lines 533--534

 []


Underfull \hbox (badness 10000) in paragraph at lines 536--537

 []


Underfull \hbox (badness 10000) in paragraph at lines 539--540

 []


Underfull \hbox (badness 10000) in paragraph at lines 542--543

 []

[13]
Underfull \hbox (badness 10000) in paragraph at lines 553--554

 []


Underfull \hbox (badness 10000) in paragraph at lines 567--568

 []


Underfull \hbox (badness 10000) in paragraph at lines 569--570

 []


Underfull \hbox (badness 10000) in paragraph at lines 571--572

 []

File: radical.jpg Graphic file (type bmp)
<radical.jpg>

Underfull \hbox (badness 10000) in paragraph at lines 580--581

 []


Underfull \hbox (badness 10000) in paragraph at lines 582--583

 []


Underfull \hbox (badness 10000) in paragraph at lines 584--585

 []


Underfull \hbox (badness 10000) in paragraph at lines 586--587

 []

[14]
File: radical.jpg Graphic file (type bmp)
<radical.jpg>

Underfull \hbox (badness 10000) in paragraph at lines 596--597

 []


Underfull \hbox (badness 10000) in paragraph at lines 598--599

 []


Underfull \hbox (badness 10000) in paragraph at lines 600--601

 []


Underfull \hbox (badness 10000) in paragraph at lines 602--603

 []


Underfull \hbox (badness 10000) in paragraph at lines 604--605

 []


Underfull \hbox (badness 10000) in paragraph at lines 606--607

 []


Underfull \hbox (badness 10000) in paragraph at lines 609--610

 []


Underfull \hbox (badness 10000) in paragraph at lines 614--615

 []


Underfull \hbox (badness 10000) in paragraph at lines 617--618

 []


Underfull \hbox (badness 10000) in paragraph at lines 620--621

 []


Underfull \hbox (badness 10000) in paragraph at lines 623--624

 []


Underfull \hbox (badness 10000) in paragraph at lines 626--627

 []


Underfull \hbox (badness 10000) in paragraph at lines 628--629

 []


Underfull \hbox (badness 10000) in paragraph at lines 631--632

 []


Underfull \hbox (badness 10000) in paragraph at lines 634--635

 []


Underfull \hbox (badness 10000) in paragraph at lines 637--638

 []

[15]
Underfull \hbox (badness 10000) in paragraph at lines 648--649

 []


Underfull \hbox (badness 10000) in paragraph at lines 652--653

 []


Underfull \hbox (badness 10000) in paragraph at lines 654--655

 []


Underfull \hbox (badness 10000) in paragraph at lines 658--659

 []


Underfull \hbox (badness 10000) in paragraph at lines 660--661

 []


Underfull \hbox (badness 10000) in paragraph at lines 666--667

 []


Underfull \hbox (badness 10000) in paragraph at lines 671--672

 []


Underfull \hbox (badness 10000) in paragraph at lines 673--674

 []


Underfull \hbox (badness 10000) in paragraph at lines 675--676

 []


Underfull \hbox (badness 10000) in paragraph at lines 677--678

 []


Underfull \hbox (badness 10000) in paragraph at lines 679--680

 []

[16]
Underfull \hbox (badness 10000) in paragraph at lines 691--692

 []


Underfull \hbox (badness 10000) in paragraph at lines 695--696

 []


Underfull \hbox (badness 10000) in paragraph at lines 699--700

 []


Underfull \hbox (badness 10000) in paragraph at lines 725--726

 []


Underfull \hbox (badness 10000) in paragraph at lines 727--728

 []


Underfull \hbox (badness 10000) in paragraph at lines 729--730

 []


Underfull \hbox (badness 10000) in paragraph at lines 731--732

 []


Underfull \hbox (badness 10000) in paragraph at lines 733--734

 []

[17]
Underfull \hbox (badness 10000) in paragraph at lines 741--742

 []


Underfull \hbox (badness 10000) in paragraph at lines 745--746

 []


Underfull \hbox (badness 10000) in paragraph at lines 747--748

 []


Underfull \hbox (badness 10000) in paragraph at lines 751--752

 []


Underfull \hbox (badness 10000) in paragraph at lines 753--754

 []


Underfull \hbox (badness 10000) in paragraph at lines 759--760

 []


Underfull \hbox (badness 10000) in paragraph at lines 764--765

 []


Underfull \hbox (badness 10000) in paragraph at lines 766--767

 []


Underfull \hbox (badness 10000) in paragraph at lines 768--769

 []


Underfull \hbox (badness 10000) in paragraph at lines 770--771

 []


Underfull \hbox (badness 10000) in paragraph at lines 772--773

 []

[18]
Underfull \hbox (badness 10000) in paragraph at lines 784--785

 []


Underfull \hbox (badness 10000) in paragraph at lines 788--789

 []


Underfull \hbox (badness 10000) in paragraph at lines 792--793

 []


Underfull \hbox (badness 10000) in paragraph at lines 818--819

 []


Underfull \hbox (badness 10000) in paragraph at lines 820--821

 []


Underfull \hbox (badness 10000) in paragraph at lines 822--823

 []


Underfull \hbox (badness 10000) in paragraph at lines 824--825

 []


Underfull \hbox (badness 10000) in paragraph at lines 826--827

 []

[19]
Underfull \hbox (badness 10000) in paragraph at lines 834--835

 []


Underfull \hbox (badness 10000) in paragraph at lines 836--837

 []


Underfull \hbox (badness 10000) in paragraph at lines 854--855

 []


Underfull \hbox (badness 10000) in paragraph at lines 856--857

 []


Underfull \hbox (badness 10000) in paragraph at lines 858--859

 []


Underfull \hbox (badness 10000) in paragraph at lines 860--861

 []

LaTeX Font Info:    External font `cmex10' loaded for size
(Font)              <7> on input line 865.

Underfull \hbox (badness 10000) in paragraph at lines 870--871

 []

[20]
Underfull \hbox (badness 10000) in paragraph at lines 884--885

 []


Underfull \hbox (badness 10000) in paragraph at lines 886--887

 []


Underfull \hbox (badness 10000) in paragraph at lines 904--905

 []


Underfull \hbox (badness 10000) in paragraph at lines 906--907

 []


Underfull \hbox (badness 10000) in paragraph at lines 908--909

 []


Underfull \hbox (badness 10000) in paragraph at lines 910--911

 []


Underfull \hbox (badness 10000) in paragraph at lines 920--921

 []

[21]
Underfull \hbox (badness 10000) in paragraph at lines 938--939

 []


Underfull \hbox (badness 10000) in paragraph at lines 940--941

 []


Underfull \hbox (badness 10000) in paragraph at lines 942--943

 []


Underfull \hbox (badness 10000) in paragraph at lines 952--953

 []


Underfull \hbox (badness 10000) in paragraph at lines 957--958

 []


Underfull \hbox (badness 10000) in paragraph at lines 959--960

 []


Underfull \hbox (badness 10000) in paragraph at lines 961--962

 []


Underfull \hbox (badness 10000) in paragraph at lines 966--967

 []

[22]
Underfull \hbox (badness 10000) in paragraph at lines 1010--1011

 []


Underfull \hbox (badness 10000) in paragraph at lines 1012--1013

 []


Underfull \hbox (badness 10000) in paragraph at lines 1014--1015

 []


Underfull \hbox (badness 10000) in paragraph at lines 1018--1019

 []


Underfull \hbox (badness 10000) in paragraph at lines 1020--1021

 []


Underfull \hbox (badness 10000) in paragraph at lines 1024--1025

 []


Underfull \hbox (badness 10000) in paragraph at lines 1026--1027

 []


Underfull \hbox (badness 10000) in paragraph at lines 1030--1031

 []


Underfull \hbox (badness 10000) in paragraph at lines 1032--1033

 []


Underfull \hbox (badness 10000) in paragraph at lines 1036--1037

 []


Underfull \hbox (badness 10000) in paragraph at lines 1038--1039

 []


Underfull \hbox (badness 10000) in paragraph at lines 1042--1043

 []


Underfull \hbox (badness 10000) in paragraph at lines 1044--1045

 []

[23]
Underfull \hbox (badness 10000) in paragraph at lines 1065--1066

 []


Underfull \hbox (badness 10000) in paragraph at lines 1069--1070

 []


Underfull \hbox (badness 10000) in paragraph at lines 1071--1072

 []


Underfull \hbox (badness 10000) in paragraph at lines 1080--1081

 []


Underfull \hbox (badness 10000) in paragraph at lines 1086--1087

 []


Underfull \hbox (badness 10000) in paragraph at lines 1088--1089

 []


Underfull \hbox (badness 10000) in paragraph at lines 1090--1091

 []


Underfull \hbox (badness 10000) in paragraph at lines 1092--1093

 []


Underfull \hbox (badness 10000) in paragraph at lines 1094--1095

 []


Underfull \hbox (badness 10000) in paragraph at lines 1096--1097

 []


Underfull \hbox (badness 10000) in paragraph at lines 1098--1099

 []

[24]
Underfull \hbox (badness 10000) in paragraph at lines 1108--1109

 []


Underfull \hbox (badness 10000) in paragraph at lines 1110--1111

 []


Underfull \hbox (badness 10000) in paragraph at lines 1112--1113

 []


Underfull \hbox (badness 10000) in paragraph at lines 1116--1117

 []


Underfull \hbox (badness 10000) in paragraph at lines 1118--1119

 []


Underfull \hbox (badness 10000) in paragraph at lines 1122--1123

 []


Underfull \hbox (badness 10000) in paragraph at lines 1124--1125

 []


Underfull \hbox (badness 10000) in paragraph at lines 1128--1129

 []


Underfull \hbox (badness 10000) in paragraph at lines 1130--1131

 []


Underfull \hbox (badness 10000) in paragraph at lines 1134--1135

 []


Underfull \hbox (badness 10000) in paragraph at lines 1136--1137

 []


Underfull \hbox (badness 10000) in paragraph at lines 1140--1141

 []


Underfull \hbox (badness 10000) in paragraph at lines 1142--1143

 []

[25]
Underfull \hbox (badness 10000) in paragraph at lines 1163--1164

 []


Underfull \hbox (badness 10000) in paragraph at lines 1167--1168

 []


Underfull \hbox (badness 10000) in paragraph at lines 1169--1170

 []


Underfull \hbox (badness 10000) in paragraph at lines 1178--1179

 []


Underfull \hbox (badness 10000) in paragraph at lines 1184--1185

 []


Underfull \hbox (badness 10000) in paragraph at lines 1186--1187

 []


Underfull \hbox (badness 10000) in paragraph at lines 1188--1189

 []


Underfull \hbox (badness 10000) in paragraph at lines 1190--1191

 []


Underfull \hbox (badness 10000) in paragraph at lines 1192--1193

 []


Underfull \hbox (badness 10000) in paragraph at lines 1194--1195

 []


Underfull \hbox (badness 10000) in paragraph at lines 1196--1197

 []

[26]
Underfull \hbox (badness 10000) in paragraph at lines 1208--1209

 []


Underfull \hbox (badness 10000) in paragraph at lines 1213--1214

 []


Underfull \hbox (badness 10000) in paragraph at lines 1215--1216

 []


Underfull \hbox (badness 10000) in paragraph at lines 1217--1218

 []


Underfull \hbox (badness 10000) in paragraph at lines 1219--1220

 []


Underfull \hbox (badness 10000) in paragraph at lines 1221--1222

 []


Underfull \hbox (badness 10000) in paragraph at lines 1223--1224

 []


Underfull \hbox (badness 10000) in paragraph at lines 1225--1226

 []


Underfull \hbox (badness 10000) in paragraph at lines 1227--1228

 []


Underfull \hbox (badness 10000) in paragraph at lines 1232--1233

 []


Underfull \hbox (badness 10000) in paragraph at lines 1237--1238

 []


Underfull \hbox (badness 10000) in paragraph at lines 1239--1240

 []


Underfull \hbox (badness 10000) in paragraph at lines 1241--1242

 []


Underfull \hbox (badness 10000) in paragraph at lines 1243--1244

 []


Underfull \hbox (badness 10000) in paragraph at lines 1245--1246

 []


Underfull \hbox (badness 10000) in paragraph at lines 1247--1248

 []


Underfull \hbox (badness 10000) in paragraph at lines 1253--1254

 []


Underfull \hbox (badness 10000) in paragraph at lines 1259--1260

 []


Underfull \hbox (badness 10000) in paragraph at lines 1261--1262

 []


Underfull \hbox (badness 10000) in paragraph at lines 1263--1264

 []


Underfull \hbox (badness 10000) in paragraph at lines 1265--1266

 []


Underfull \hbox (badness 10000) in paragraph at lines 1267--1268

 []


Underfull \hbox (badness 10000) in paragraph at lines 1269--1270

 []

[27]
Underfull \hbox (badness 10000) in paragraph at lines 1276--1277

 []


Underfull \hbox (badness 10000) in paragraph at lines 1281--1282

 []


Underfull \hbox (badness 10000) in paragraph at lines 1283--1284

 []


Underfull \hbox (badness 10000) in paragraph at lines 1285--1286

 []


Underfull \hbox (badness 10000) in paragraph at lines 1287--1288

 []


Underfull \hbox (badness 10000) in paragraph at lines 1289--1290

 []


Underfull \hbox (badness 10000) in paragraph at lines 1291--1292

 []


Underfull \hbox (badness 10000) in paragraph at lines 1296--1297

 []


Underfull \hbox (badness 10000) in paragraph at lines 1301--1302

 []


Underfull \hbox (badness 10000) in paragraph at lines 1303--1304

 []


Underfull \hbox (badness 10000) in paragraph at lines 1305--1306

 []


Underfull \hbox (badness 10000) in paragraph at lines 1307--1308

 []


Underfull \hbox (badness 10000) in paragraph at lines 1312--1313

 []


Underfull \hbox (badness 10000) in paragraph at lines 1317--1318

 []


Underfull \hbox (badness 10000) in paragraph at lines 1319--1320

 []


Underfull \hbox (badness 10000) in paragraph at lines 1321--1322

 []


Underfull \hbox (badness 10000) in paragraph at lines 1323--1324

 []


Underfull \hbox (badness 10000) in paragraph at lines 1325--1326

 []

[28]
Underfull \hbox (badness 10000) in paragraph at lines 1338--1339

 []


Underfull \hbox (badness 10000) in paragraph at lines 1343--1344

 []


Underfull \hbox (badness 10000) in paragraph at lines 1345--1346

 []


Underfull \hbox (badness 10000) in paragraph at lines 1347--1348

 []


Underfull \hbox (badness 10000) in paragraph at lines 1349--1350

 []


Underfull \hbox (badness 10000) in paragraph at lines 1351--1352

 []


Underfull \hbox (badness 10000) in paragraph at lines 1353--1354

 []


Underfull \hbox (badness 10000) in paragraph at lines 1355--1356

 []


Underfull \hbox (badness 10000) in paragraph at lines 1357--1358

 []


Underfull \hbox (badness 10000) in paragraph at lines 1362--1363

 []


Underfull \hbox (badness 10000) in paragraph at lines 1367--1368

 []


Underfull \hbox (badness 10000) in paragraph at lines 1369--1370

 []


Underfull \hbox (badness 10000) in paragraph at lines 1371--1372

 []


Underfull \hbox (badness 10000) in paragraph at lines 1373--1374

 []


Underfull \hbox (badness 10000) in paragraph at lines 1377--1378

 []


Underfull \hbox (badness 10000) in paragraph at lines 1382--1383

 []


Underfull \hbox (badness 10000) in paragraph at lines 1384--1385

 []


Underfull \hbox (badness 10000) in paragraph at lines 1386--1387

 []


Underfull \hbox (badness 10000) in paragraph at lines 1388--1389

 []

[29]
Underfull \hbox (badness 10000) in paragraph at lines 1395--1396

 []


Underfull \hbox (badness 10000) in paragraph at lines 1400--1401

 []


Underfull \hbox (badness 10000) in paragraph at lines 1402--1403

 []


Underfull \hbox (badness 10000) in paragraph at lines 1404--1405

 []


Underfull \hbox (badness 10000) in paragraph at lines 1406--1407

 []


Underfull \hbox (badness 10000) in paragraph at lines 1412--1413

 []


Underfull \hbox (badness 10000) in paragraph at lines 1417--1418

 []


Underfull \hbox (badness 10000) in paragraph at lines 1419--1420

 []


Underfull \hbox (badness 10000) in paragraph at lines 1421--1422

 []


Underfull \hbox (badness 10000) in paragraph at lines 1423--1424

 []


Underfull \hbox (badness 10000) in paragraph at lines 1425--1426

 []


Underfull \hbox (badness 10000) in paragraph at lines 1427--1428

 []


Underfull \hbox (badness 10000) in paragraph at lines 1437--1438

 []


Underfull \hbox (badness 10000) in paragraph at lines 1439--1440

 []


Underfull \hbox (badness 10000) in paragraph at lines 1441--1442

 []


Underfull \hbox (badness 10000) in paragraph at lines 1443--1444

 []


Underfull \hbox (badness 10000) in paragraph at lines 1450--1451

 []


Underfull \hbox (badness 10000) in paragraph at lines 1452--1453

 []


Underfull \hbox (badness 10000) in paragraph at lines 1456--1457

 []

[30]
Underfull \hbox (badness 10000) in paragraph at lines 1467--1468

 []


Underfull \hbox (badness 10000) in paragraph at lines 1472--1473

 []


Underfull \hbox (badness 10000) in paragraph at lines 1474--1475

 []


Underfull \hbox (badness 10000) in paragraph at lines 1476--1477

 []


Underfull \hbox (badness 10000) in paragraph at lines 1478--1479

 []


Underfull \hbox (badness 10000) in paragraph at lines 1480--1481

 []


Underfull \hbox (badness 10000) in paragraph at lines 1482--1483

 []


Underfull \hbox (badness 10000) in paragraph at lines 1484--1485

 []


Underfull \hbox (badness 10000) in paragraph at lines 1486--1487

 []


Underfull \hbox (badness 10000) in paragraph at lines 1491--1492

 []


Underfull \hbox (badness 10000) in paragraph at lines 1496--1497

 []


Underfull \hbox (badness 10000) in paragraph at lines 1498--1499

 []


Underfull \hbox (badness 10000) in paragraph at lines 1500--1501

 []


Underfull \hbox (badness 10000) in paragraph at lines 1502--1503

 []


Underfull \hbox (badness 10000) in paragraph at lines 1506--1507

 []


Underfull \hbox (badness 10000) in paragraph at lines 1511--1512

 []


Underfull \hbox (badness 10000) in paragraph at lines 1513--1514

 []


Underfull \hbox (badness 10000) in paragraph at lines 1515--1516

 []


Underfull \hbox (badness 10000) in paragraph at lines 1517--1518

 []

[31]
Underfull \hbox (badness 10000) in paragraph at lines 1524--1525

 []


Underfull \hbox (badness 10000) in paragraph at lines 1529--1530

 []


Underfull \hbox (badness 10000) in paragraph at lines 1531--1532

 []


Underfull \hbox (badness 10000) in paragraph at lines 1533--1534

 []


Underfull \hbox (badness 10000) in paragraph at lines 1535--1536

 []


Underfull \hbox (badness 10000) in paragraph at lines 1541--1542

 []


Underfull \hbox (badness 10000) in paragraph at lines 1546--1547

 []


Underfull \hbox (badness 10000) in paragraph at lines 1548--1549

 []


Underfull \hbox (badness 10000) in paragraph at lines 1550--1551

 []


Underfull \hbox (badness 10000) in paragraph at lines 1552--1553

 []


Underfull \hbox (badness 10000) in paragraph at lines 1554--1555

 []


Underfull \hbox (badness 10000) in paragraph at lines 1556--1557

 []


Underfull \hbox (badness 10000) in paragraph at lines 1566--1567

 []


Underfull \hbox (badness 10000) in paragraph at lines 1568--1569

 []


Underfull \hbox (badness 10000) in paragraph at lines 1570--1571

 []


Underfull \hbox (badness 10000) in paragraph at lines 1572--1573

 []


Underfull \hbox (badness 10000) in paragraph at lines 1579--1580

 []


Underfull \hbox (badness 10000) in paragraph at lines 1581--1582

 []


Underfull \hbox (badness 10000) in paragraph at lines 1585--1586

 []

[32]
Underfull \hbox (badness 10000) in paragraph at lines 1589--1593

 []


Underfull \hbox (badness 10000) in paragraph at lines 1595--1596

 []


Underfull \hbox (badness 10000) in paragraph at lines 1601--1602

 []


Underfull \hbox (badness 10000) in paragraph at lines 1603--1604

 []


Underfull \hbox (badness 10000) in paragraph at lines 1605--1606

 []


Underfull \hbox (badness 10000) in paragraph at lines 1607--1608

 []


Underfull \hbox (badness 10000) in paragraph at lines 1609--1610

 []


Underfull \hbox (badness 10000) in paragraph at lines 1611--1612

 []


Underfull \hbox (badness 10000) in paragraph at lines 1613--1614

 []


Underfull \hbox (badness 10000) in paragraph at lines 1615--1616

 []


Underfull \hbox (badness 10000) in paragraph at lines 1620--1621

 []


Underfull \hbox (badness 10000) in paragraph at lines 1625--1626

 []


Underfull \hbox (badness 10000) in paragraph at lines 1627--1628

 []


Underfull \hbox (badness 10000) in paragraph at lines 1629--1630

 []


Underfull \hbox (badness 10000) in paragraph at lines 1631--1632

 []


Underfull \hbox (badness 10000) in paragraph at lines 1635--1636

 []


Underfull \hbox (badness 10000) in paragraph at lines 1640--1641

 []


Underfull \hbox (badness 10000) in paragraph at lines 1642--1643

 []


Underfull \hbox (badness 10000) in paragraph at lines 1644--1645

 []


Underfull \hbox (badness 10000) in paragraph at lines 1646--1647

 []

[33]
Underfull \hbox (badness 10000) in paragraph at lines 1653--1654

 []


Underfull \hbox (badness 10000) in paragraph at lines 1658--1659

 []


Underfull \hbox (badness 10000) in paragraph at lines 1660--1661

 []


Underfull \hbox (badness 10000) in paragraph at lines 1662--1663

 []


Underfull \hbox (badness 10000) in paragraph at lines 1664--1665

 []


Underfull \hbox (badness 10000) in paragraph at lines 1670--1671

 []


Underfull \hbox (badness 10000) in paragraph at lines 1675--1676

 []


Underfull \hbox (badness 10000) in paragraph at lines 1677--1678

 []


Underfull \hbox (badness 10000) in paragraph at lines 1679--1680

 []


Underfull \hbox (badness 10000) in paragraph at lines 1681--1682

 []


Underfull \hbox (badness 10000) in paragraph at lines 1683--1684

 []


Underfull \hbox (badness 10000) in paragraph at lines 1685--1686

 []


Underfull \hbox (badness 10000) in paragraph at lines 1695--1696

 []


Underfull \hbox (badness 10000) in paragraph at lines 1697--1698

 []


Underfull \hbox (badness 10000) in paragraph at lines 1699--1700

 []


Underfull \hbox (badness 10000) in paragraph at lines 1701--1702

 []


Underfull \hbox (badness 10000) in paragraph at lines 1708--1709

 []

[34]
Underfull \hbox (badness 10000) in paragraph at lines 1714--1718

 []


Underfull \hbox (badness 10000) in paragraph at lines 1720--1721

 []

Random number generator initialized to 2294666

Underfull \hbox (badness 10000) in paragraph at lines 1726--1727

 []


Underfull \hbox (badness 10000) in paragraph at lines 1728--1729

 []


Underfull \hbox (badness 10000) in paragraph at lines 1730--1731

 []


Underfull \hbox (badness 10000) in paragraph at lines 1732--1733

 []


Underfull \hbox (badness 10000) in paragraph at lines 1734--1735

 []


Underfull \hbox (badness 10000) in paragraph at lines 1736--1737

 []


Underfull \hbox (badness 10000) in paragraph at lines 1738--1739

 []


Underfull \hbox (badness 10000) in paragraph at lines 1740--1741

 []


Underfull \hbox (badness 10000) in paragraph at lines 1745--1746

 []


Underfull \hbox (badness 10000) in paragraph at lines 1750--1751

 []


Underfull \hbox (badness 10000) in paragraph at lines 1752--1753

 []


Underfull \hbox (badness 10000) in paragraph at lines 1754--1755

 []


Underfull \hbox (badness 10000) in paragraph at lines 1756--1757

 []


Underfull \hbox (badness 10000) in paragraph at lines 1760--1761

 []


Underfull \hbox (badness 10000) in paragraph at lines 1765--1766

 []


Underfull \hbox (badness 10000) in paragraph at lines 1767--1768

 []


Underfull \hbox (badness 10000) in paragraph at lines 1769--1770

 []


Underfull \hbox (badness 10000) in paragraph at lines 1771--1772

 []

[35]
Underfull \hbox (badness 10000) in paragraph at lines 1778--1779

 []


Underfull \hbox (badness 10000) in paragraph at lines 1783--1784

 []


Underfull \hbox (badness 10000) in paragraph at lines 1785--1786

 []


Underfull \hbox (badness 10000) in paragraph at lines 1787--1788

 []


Underfull \hbox (badness 10000) in paragraph at lines 1789--1790

 []


Underfull \hbox (badness 10000) in paragraph at lines 1795--1796

 []


Underfull \hbox (badness 10000) in paragraph at lines 1800--1801

 []


Underfull \hbox (badness 10000) in paragraph at lines 1802--1803

 []


Underfull \hbox (badness 10000) in paragraph at lines 1804--1805

 []


Underfull \hbox (badness 10000) in paragraph at lines 1806--1807

 []


Underfull \hbox (badness 10000) in paragraph at lines 1808--1809

 []


Underfull \hbox (badness 10000) in paragraph at lines 1810--1811

 []


Underfull \hbox (badness 10000) in paragraph at lines 1820--1821

 []


Underfull \hbox (badness 10000) in paragraph at lines 1822--1823

 []


Underfull \hbox (badness 10000) in paragraph at lines 1824--1825

 []


Underfull \hbox (badness 10000) in paragraph at lines 1826--1827

 []


Underfull \hbox (badness 10000) in paragraph at lines 1833--1834

 []

[36]
Underfull \hbox (badness 10000) in paragraph at lines 1839--1840

 []


Underfull \hbox (badness 10000) in paragraph at lines 1843--1844

 []


Underfull \hbox (badness 10000) in paragraph at lines 1845--1846

 []


Underfull \hbox (badness 10000) in paragraph at lines 1847--1848

 []


Underfull \hbox (badness 10000) in paragraph at lines 1849--1850

 []


Underfull \hbox (badness 10000) in paragraph at lines 1851--1852

 []


Underfull \hbox (badness 10000) in paragraph at lines 1855--1856

 []


Underfull \hbox (badness 10000) in paragraph at lines 1857--1858

 []


Underfull \hbox (badness 10000) in paragraph at lines 1859--1860

 []


Underfull \hbox (badness 10000) in paragraph at lines 1865--1866

 []


Underfull \hbox (badness 10000) in paragraph at lines 1867--1868

 []


Underfull \hbox (badness 10000) in paragraph at lines 1869--1870

 []


Underfull \hbox (badness 10000) in paragraph at lines 1871--1872

 []

[37]
Underfull \hbox (badness 10000) in paragraph at lines 1876--1877

 []


Underfull \hbox (badness 10000) in paragraph at lines 1880--1881

 []


Underfull \hbox (badness 10000) in paragraph at lines 1882--1883

 []


Underfull \hbox (badness 10000) in paragraph at lines 1884--1885

 []


Underfull \hbox (badness 10000) in paragraph at lines 1886--1887

 []


Underfull \hbox (badness 10000) in paragraph at lines 1892--1893

 []


Underfull \hbox (badness 10000) in paragraph at lines 1894--1895

 []


Underfull \hbox (badness 10000) in paragraph at lines 1896--1897

 []


Underfull \hbox (badness 10000) in paragraph at lines 1898--1899

 []


Underfull \hbox (badness 10000) in paragraph at lines 1900--1901

 []


Underfull \hbox (badness 10000) in paragraph at lines 1904--1905

 []


Underfull \hbox (badness 10000) in paragraph at lines 1908--1909

 []


Underfull \hbox (badness 10000) in paragraph at lines 1912--1913

 []


Underfull \hbox (badness 10000) in paragraph at lines 1918--1919

 []


Underfull \hbox (badness 10000) in paragraph at lines 1922--1923

 []


Underfull \hbox (badness 10000) in paragraph at lines 1926--1927

 []

[38]
Underfull \hbox (badness 10000) in paragraph at lines 1938--1939

 []


Underfull \hbox (badness 10000) in paragraph at lines 1942--1943

 []

[39]
LaTeX Font Info:    External font `cmex10' loaded for size
(Font)              <17.28> on input line 1951.

Underfull \hbox (badness 10000) in paragraph at lines 1953--1954

 []


Underfull \hbox (badness 10000) in paragraph at lines 1955--1956

 []


Underfull \hbox (badness 10000) in paragraph at lines 1957--1958

 []


Underfull \hbox (badness 10000) in paragraph at lines 1959--1960

 []


Underfull \hbox (badness 10000) in paragraph at lines 1961--1962

 []


Underfull \hbox (badness 10000) in paragraph at lines 1965--1966

 []


Underfull \hbox (badness 10000) in paragraph at lines 1970--1971

 []


Underfull \hbox (badness 10000) in paragraph at lines 1974--1975

 []


Underfull \hbox (badness 10000) in paragraph at lines 1978--1979

 []


Underfull \hbox (badness 10000) in paragraph at lines 1982--1983

 []


Underfull \hbox (badness 10000) in paragraph at lines 1986--1987

 []


Underfull \hbox (badness 10000) in paragraph at lines 1990--1991

 []

[40]
Underfull \hbox (badness 10000) in paragraph at lines 2004--2005

 []


Underfull \hbox (badness 10000) in paragraph at lines 2008--2009

 []


Underfull \hbox (badness 10000) in paragraph at lines 2026--2027

 []


Underfull \hbox (badness 10000) in paragraph at lines 2048--2049

 []


Underfull \hbox (badness 10000) in paragraph at lines 2050--2051

 []


Underfull \hbox (badness 10000) in paragraph at lines 2052--2053

 []


Underfull \hbox (badness 10000) in paragraph at lines 2056--2057

 []


Underfull \hbox (badness 10000) in paragraph at lines 2060--2061

 []

[41]
Underfull \hbox (badness 10000) in paragraph at lines 2072--2073

 []


Underfull \hbox (badness 10000) in paragraph at lines 2076--2077

 []


Underfull \hbox (badness 10000) in paragraph at lines 2079--2080

 []


Underfull \hbox (badness 10000) in paragraph at lines 2082--2083

 []


Underfull \hbox (badness 10000) in paragraph at lines 2085--2086

 []

[42]
Underfull \hbox (badness 10000) in paragraph at lines 2092--2093

 []


Underfull \hbox (badness 10000) in paragraph at lines 2107--2108

 []


Underfull \hbox (badness 10000) in paragraph at lines 2113--2114

 []


Underfull \hbox (badness 10000) in paragraph at lines 2115--2116

 []


Underfull \hbox (badness 10000) in paragraph at lines 2117--2118

 []


Underfull \hbox (badness 10000) in paragraph at lines 2119--2120

 []


Underfull \hbox (badness 10000) in paragraph at lines 2125--2126

 []


Underfull \hbox (badness 10000) in paragraph at lines 2127--2128

 []


Underfull \hbox (badness 10000) in paragraph at lines 2129--2130

 []


Underfull \hbox (badness 10000) in paragraph at lines 2131--2132

 []


Underfull \hbox (badness 10000) in paragraph at lines 2133--2134

 []


Underfull \hbox (badness 10000) in paragraph at lines 2139--2140

 []


Underfull \hbox (badness 10000) in paragraph at lines 2144--2145

 []


Underfull \hbox (badness 10000) in paragraph at lines 2146--2147

 []


Underfull \hbox (badness 10000) in paragraph at lines 2148--2149

 []


Underfull \hbox (badness 10000) in paragraph at lines 2150--2151

 []


Underfull \hbox (badness 10000) in paragraph at lines 2152--2153

 []

[43]
Underfull \hbox (badness 10000) in paragraph at lines 2170--2171

 []


Underfull \hbox (badness 10000) in paragraph at lines 2174--2175

 []


Underfull \hbox (badness 10000) in paragraph at lines 2176--2177

 []


Underfull \hbox (badness 10000) in paragraph at lines 2178--2179

 []


Underfull \hbox (badness 10000) in paragraph at lines 2180--2181

 []


Underfull \hbox (badness 10000) in paragraph at lines 2182--2183

 []


Underfull \hbox (badness 10000) in paragraph at lines 2188--2189

 []


Underfull \hbox (badness 10000) in paragraph at lines 2192--2193

 []


Underfull \hbox (badness 10000) in paragraph at lines 2195--2196

 []


Underfull \hbox (badness 10000) in paragraph at lines 2198--2199

 []


Underfull \hbox (badness 10000) in paragraph at lines 2201--2202

 []


Underfull \hbox (badness 10000) in paragraph at lines 2204--2205

 []

[44]
Underfull \hbox (badness 10000) in paragraph at lines 2210--2211

 []


Underfull \hbox (badness 10000) in paragraph at lines 2214--2215

 []


Underfull \hbox (badness 10000) in paragraph at lines 2216--2217

 []


Underfull \hbox (badness 10000) in paragraph at lines 2218--2219

 []


Underfull \hbox (badness 10000) in paragraph at lines 2220--2221

 []


Underfull \hbox (badness 10000) in paragraph at lines 2222--2223

 []

[45]
Underfull \hbox (badness 10000) in paragraph at lines 2238--2239

 []


Underfull \hbox (badness 10000) in paragraph at lines 2242--2243

 []


Underfull \hbox (badness 10000) in paragraph at lines 2244--2245

 []


Underfull \hbox (badness 10000) in paragraph at lines 2246--2247

 []


Underfull \hbox (badness 10000) in paragraph at lines 2248--2249

 []


Underfull \hbox (badness 10000) in paragraph at lines 2250--2251

 []


Underfull \hbox (badness 10000) in paragraph at lines 2256--2257

 []


Underfull \hbox (badness 10000) in paragraph at lines 2260--2261

 []


Underfull \hbox (badness 10000) in paragraph at lines 2263--2264

 []


Underfull \hbox (badness 10000) in paragraph at lines 2266--2267

 []


Underfull \hbox (badness 10000) in paragraph at lines 2269--2270

 []


Underfull \hbox (badness 10000) in paragraph at lines 2272--2273

 []

[46]
Underfull \hbox (badness 10000) in paragraph at lines 2278--2279

 []


Underfull \hbox (badness 10000) in paragraph at lines 2282--2283

 []


Underfull \hbox (badness 10000) in paragraph at lines 2284--2285

 []


Underfull \hbox (badness 10000) in paragraph at lines 2286--2287

 []


Underfull \hbox (badness 10000) in paragraph at lines 2288--2289

 []


Underfull \hbox (badness 10000) in paragraph at lines 2290--2291

 []


Underfull \hbox (badness 10000) in paragraph at lines 2297--2298

 []


Underfull \hbox (badness 10000) in paragraph at lines 2301--2302

 []


Underfull \hbox (badness 10000) in paragraph at lines 2303--2304

 []


Underfull \hbox (badness 10000) in paragraph at lines 2305--2306

 []


Underfull \hbox (badness 10000) in paragraph at lines 2307--2308

 []


Underfull \hbox (badness 10000) in paragraph at lines 2309--2310

 []


Underfull \hbox (badness 10000) in paragraph at lines 2311--2312

 []


Underfull \hbox (badness 10000) in paragraph at lines 2313--2314

 []


Underfull \hbox (badness 10000) in paragraph at lines 2315--2316

 []


Underfull \hbox (badness 10000) in paragraph at lines 2317--2318

 []


Underfull \hbox (badness 10000) in paragraph at lines 2321--2322

 []


Underfull \hbox (badness 10000) in paragraph at lines 2323--2324

 []


Underfull \hbox (badness 10000) in paragraph at lines 2325--2326

 []


Underfull \hbox (badness 10000) in paragraph at lines 2327--2328

 []


Underfull \hbox (badness 10000) in paragraph at lines 2329--2330

 []


Underfull \hbox (badness 10000) in paragraph at lines 2331--2332

 []


Underfull \hbox (badness 10000) in paragraph at lines 2333--2334

 []


Underfull \hbox (badness 10000) in paragraph at lines 2335--2336

 []


Underfull \hbox (badness 10000) in paragraph at lines 2337--2338

 []


Underfull \hbox (badness 10000) in paragraph at lines 2341--2342

 []


Underfull \hbox (badness 10000) in paragraph at lines 2343--2344

 []


Underfull \hbox (badness 10000) in paragraph at lines 2345--2346

 []


Underfull \hbox (badness 10000) in paragraph at lines 2347--2348

 []


Underfull \hbox (badness 10000) in paragraph at lines 2349--2350

 []


Underfull \hbox (badness 10000) in paragraph at lines 2351--2352

 []


Underfull \hbox (badness 10000) in paragraph at lines 2353--2354

 []


Underfull \hbox (badness 10000) in paragraph at lines 2355--2356

 []


Underfull \hbox (badness 10000) in paragraph at lines 2357--2358

 []

[47]
Underfull \hbox (badness 10000) in paragraph at lines 2375--2376

 []


Underfull \hbox (badness 10000) in paragraph at lines 2377--2378

 []


Underfull \hbox (badness 10000) in paragraph at lines 2383--2384

 []


Underfull \hbox (badness 10000) in paragraph at lines 2429--2430

 []


Overfull \vbox (45.33711pt too high) has occurred while \output is active []


Overfull \vbox (45.33711pt too high) has occurred while \output is active []


Overfull \vbox (45.33711pt too high) has occurred while \output is active []


Overfull \vbox (45.33711pt too high) has occurred while \output is active []


Overfull \vbox (45.33711pt too high) has occurred while \output is active []


Overfull \vbox (45.33711pt too high) has occurred while \output is active []


[48]
Underfull \hbox (badness 10000) in paragraph at lines 2503--2504

 []


Underfull \hbox (badness 10000) in paragraph at lines 2515--2516

 []

[49]
Underfull \hbox (badness 10000) in paragraph at lines 2528--2529

 []

File: exponential.jpg Graphic file (type bmp)
<exponential.jpg>

Underfull \hbox (badness 10000) in paragraph at lines 2552--2553

 []


Underfull \hbox (badness 10000) in paragraph at lines 2554--2555

 []

[50]
Underfull \hbox (badness 10000) in paragraph at lines 2566--2567

 []


Underfull \hbox (badness 10000) in paragraph at lines 2568--2569

 []


Underfull \hbox (badness 10000) in paragraph at lines 2572--2573

 []

[51]
Underfull \hbox (badness 10000) in paragraph at lines 2600--2601

 []


Underfull \hbox (badness 10000) in paragraph at lines 2605--2606

 []


Underfull \hbox (badness 10000) in paragraph at lines 2609--2610

 []


Underfull \hbox (badness 10000) in paragraph at lines 2613--2614

 []


Underfull \hbox (badness 10000) in paragraph at lines 2617--2618

 []

[52]
Underfull \hbox (badness 10000) in paragraph at lines 2625--2626

 []


Underfull \hbox (badness 10000) in paragraph at lines 2628--2629

 []


Underfull \hbox (badness 10000) in paragraph at lines 2632--2633

 []


Underfull \hbox (badness 10000) in paragraph at lines 2636--2637

 []


Underfull \hbox (badness 10000) in paragraph at lines 2640--2641

 []

[53]
Underfull \hbox (badness 10000) in paragraph at lines 2653--2654

 []


Underfull \hbox (badness 10000) in paragraph at lines 2656--2657

 []


Underfull \hbox (badness 10000) in paragraph at lines 2664--2665

 []


Underfull \hbox (badness 10000) in paragraph at lines 2670--2672

 []


Underfull \hbox (badness 10000) in paragraph at lines 2677--2678

 []

[54]
Underfull \hbox (badness 10000) in paragraph at lines 2689--2690

 []


Underfull \hbox (badness 10000) in paragraph at lines 2693--2694

 []


Underfull \hbox (badness 10000) in paragraph at lines 2697--2699

 []


Underfull \hbox (badness 10000) in paragraph at lines 2702--2704

 []

[55]
Underfull \hbox (badness 10000) in paragraph at lines 2712--2713

 []


Underfull \hbox (badness 10000) in paragraph at lines 2721--2722

 []


Underfull \hbox (badness 10000) in paragraph at lines 2727--2729

 []


Underfull \hbox (badness 10000) in paragraph at lines 2732--2734

 []

[56]
Overfull \hbox (2.86478pt too wide) in paragraph at lines 2744--2745
\TU/lmr/m/n/12 Exponential decay is the same as exponential growth except for a
 $[]$. 
 []


Underfull \hbox (badness 10000) in paragraph at lines 2744--2745

 []


Underfull \hbox (badness 10000) in paragraph at lines 2746--2747

 []


Underfull \hbox (badness 10000) in paragraph at lines 2748--2749

 []


Underfull \hbox (badness 10000) in paragraph at lines 2752--2754

 []


Underfull \hbox (badness 10000) in paragraph at lines 2757--2759

 []

[57]
Underfull \hbox (badness 10000) in paragraph at lines 2768--2769

 []


Underfull \hbox (badness 10000) in paragraph at lines 2770--2771

 []


Underfull \hbox (badness 10000) in paragraph at lines 2776--2777

 []


Underfull \hbox (badness 10000) in paragraph at lines 2778--2779

 []

File: e.jpg Graphic file (type bmp)
<e.jpg>

Underfull \hbox (badness 10000) in paragraph at lines 2785--2786

 []

[58]
Underfull \hbox (badness 10000) in paragraph at lines 2793--2794

 []

File: compoundinterest.png Graphic file (type bmp)
<compoundinterest.png>

Underfull \hbox (badness 10000) in paragraph at lines 2799--2800

 []


Underfull \hbox (badness 10000) in paragraph at lines 2805--2810

 []


Underfull \hbox (badness 10000) in paragraph at lines 2811--2812

 []

[59]
Underfull \hbox (badness 10000) in paragraph at lines 2819--2820

 []


Underfull \hbox (badness 10000) in paragraph at lines 2823--2824

 []


Underfull \hbox (badness 10000) in paragraph at lines 2829--2830

 []

[60]
Underfull \hbox (badness 10000) in paragraph at lines 2835--2837

 []


Underfull \hbox (badness 10000) in paragraph at lines 2849--2850

 []


Underfull \hbox (badness 10000) in paragraph at lines 2854--2855

 []


Underfull \hbox (badness 10000) in paragraph at lines 2858--2859

 []


Underfull \hbox (badness 10000) in paragraph at lines 2862--2863

 []


Underfull \hbox (badness 10000) in paragraph at lines 2866--2867

 []


Underfull \hbox (badness 10000) in paragraph at lines 2876--2877

 []

[61]
Underfull \hbox (badness 10000) in paragraph at lines 2882--2883

 []


Underfull \hbox (badness 10000) in paragraph at lines 2884--2885

 []


Underfull \hbox (badness 10000) in paragraph at lines 2888--2889

 []


Underfull \hbox (badness 10000) in paragraph at lines 2890--2891

 []


Underfull \hbox (badness 10000) in paragraph at lines 2892--2893

 []


Underfull \hbox (badness 10000) in paragraph at lines 2900--2901

 []


Underfull \hbox (badness 10000) in paragraph at lines 2906--2907

 []


Underfull \hbox (badness 10000) in paragraph at lines 2912--2913

 []


Underfull \hbox (badness 10000) in paragraph at lines 2914--2915

 []

[62]
Underfull \hbox (badness 10000) in paragraph at lines 2924--2926

 []


Underfull \hbox (badness 10000) in paragraph at lines 2939--2940

 []


Underfull \hbox (badness 10000) in paragraph at lines 2944--2945

 []


Underfull \hbox (badness 10000) in paragraph at lines 2948--2949

 []


Underfull \hbox (badness 10000) in paragraph at lines 2952--2953

 []


Underfull \hbox (badness 10000) in paragraph at lines 2956--2957

 []


Underfull \hbox (badness 10000) in paragraph at lines 2966--2967

 []

[63]
Underfull \hbox (badness 10000) in paragraph at lines 2972--2973

 []


Underfull \hbox (badness 10000) in paragraph at lines 2974--2975

 []


Underfull \hbox (badness 10000) in paragraph at lines 2978--2979

 []


Underfull \hbox (badness 10000) in paragraph at lines 2980--2981

 []


Underfull \hbox (badness 10000) in paragraph at lines 2982--2983

 []


Underfull \hbox (badness 10000) in paragraph at lines 2990--2991

 []


Underfull \hbox (badness 10000) in paragraph at lines 2996--2997

 []


Underfull \hbox (badness 10000) in paragraph at lines 3002--3003

 []


Underfull \hbox (badness 10000) in paragraph at lines 3004--3005

 []

[64] (./exponential_functions.aux) ) 
Here is how much of TeX's memory you used:
 15699 strings out of 493007
 325551 string characters out of 6136720
 615945 words of memory out of 5000000
 19298 multiletter control sequences out of 15000+600000
 10740 words of font info for 47 fonts, out of 8000000 for 9000
 1348 hyphenation exceptions out of 8191
 55i,11n,67p,474b,940s stack positions out of 5000i,500n,10000p,200000b,80000s

Output written on exponential_functions.pdf (64 pages).
